<?xml version="1.0" encoding="UTF-8"?>
<testsuite name="com.emvphysicaltester.cardinserter.CardInserterTest" tests="2" skipped="0" failures="0" errors="0" timestamp="2026-05-09T17:15:02.095Z" hostname="6102f4c46c27" time="16.527">
  <properties/>
  <testcase name="remove card returns to IDLE()" classname="com.emvphysicaltester.cardinserter.CardInserterTest" time="11.299"/>
  <testcase name="insert card reaches INSERTED state()" classname="com.emvphysicaltester.cardinserter.CardInserterTest" time="5.136"/>
  <system-out><![CDATA[]]></system-out>
  <system-err><![CDATA[]]></system-err>
</testsuite>
